<?xml version="1.0" encoding="UTF-8"?>
<!-- Generated by org.testng.reporters.JUnitReportReporter -->
<testsuite hostname="LAPTOP-SAKML4AK" failures="0" tests="5" name="testcases.E2ETest" time="13.565" errors="0" timestamp="2023-05-22T10:19:15 IST" skipped="0">
  <testcase classname="testcases.E2ETest" name="loginToApplication" time="1.937"/>
  <system-out/>
  <testcase classname="testcases.E2ETest" name="manageCourses" time="0.574"/>
  <system-out/>
  <testcase classname="testcases.E2ETest" name="addNewCourse" time="7.295"/>
  <system-out/>
  <testcase classname="testcases.E2ETest" name="deleteCourse" time="2.133"/>
  <system-out/>
  <testcase classname="testcases.E2ETest" name="signOut" time="1.626"/>
  <system-out/>
</testsuite> <!-- testcases.E2ETest -->
