<?xml version="1.0" encoding="UTF-8"?>
<!-- Generated by org.testng.reporters.JUnitReportReporter -->
<testsuite hostname="LAPTOP-SAKML4AK" failures="0" tests="1" name="testcases.LoginTest" time="8.145" errors="0" timestamp="2023-04-20T17:58:56 IST" skipped="0">
  <testcase classname="testcases.LoginTest" name="loginToApplication" time="8.145"/>
  <system-out/>
</testsuite> <!-- testcases.LoginTest -->
