<?xml version="1.0" encoding="UTF-8"?>
<!-- Generated by org.testng.reporters.JUnitReportReporter -->
<testsuite hostname="LAPTOP-SAKML4AK" failures="0" tests="5" name="testcases.E2ETest" time="12.432" errors="0" timestamp="2023-05-22T10:27:07 IST" skipped="0">
  <testcase classname="testcases.E2ETest" name="loginToApplication" time="1.926"/>
  <system-out/>
  <testcase classname="testcases.E2ETest" name="manageCourses" time="0.398"/>
  <system-out/>
  <testcase classname="testcases.E2ETest" name="addNewCourse" time="6.465"/>
  <system-out/>
  <testcase classname="testcases.E2ETest" name="deleteCourse" time="2.080"/>
  <system-out/>
  <testcase classname="testcases.E2ETest" name="signOut" time="1.563"/>
  <system-out/>
</testsuite> <!-- testcases.E2ETest -->
