<?xml version="1.0" encoding="UTF-8"?>
<!-- Generated by org.testng.reporters.JUnitReportReporter -->
<testsuite hostname="LAPTOP-SAKML4AK" failures="0" tests="5" name="testcases.E2ETest" time="11.382" errors="0" timestamp="2023-04-29T19:28:27 IST" skipped="0">
  <testcase classname="testcases.E2ETest" name="loginToApplication" time="1.716"/>
  <system-out/>
  <testcase classname="testcases.E2ETest" name="manageCourses" time="0.349"/>
  <system-out/>
  <testcase classname="testcases.E2ETest" name="addNewCourse" time="5.659"/>
  <system-out/>
  <testcase classname="testcases.E2ETest" name="deleteCourse" time="2.103"/>
  <system-out/>
  <testcase classname="testcases.E2ETest" name="signOut" time="1.555"/>
  <system-out/>
</testsuite> <!-- testcases.E2ETest -->
