<?xml version="1.0" encoding="UTF-8"?>
<!-- Generated by org.testng.reporters.JUnitReportReporter -->
<testsuite hostname="LAPTOP-SAKML4AK" failures="0" tests="5" name="testcases.E2ETesting" time="9.714" errors="0" timestamp="2023-04-24T15:06:36 IST" skipped="0">
  <testcase classname="testcases.E2ETesting" name="loginToApplication" time="2.608"/>
  <system-out/>
  <testcase classname="testcases.E2ETesting" name="manageCourses" time="0.413"/>
  <system-out/>
  <testcase classname="testcases.E2ETesting" name="AddCourseTest" time="3.983"/>
  <system-out/>
  <testcase classname="testcases.E2ETesting" name="deleteCourseTest" time="2.106"/>
  <system-out/>
  <testcase classname="testcases.E2ETesting" name="signOutTest" time="0.604"/>
  <system-out/>
</testsuite> <!-- testcases.E2ETesting -->
