<?xml version="1.0" encoding="UTF-8"?>
<!-- Generated by org.testng.reporters.JUnitReportReporter -->
<testsuite hostname="LAPTOP-SAKML4AK" failures="0" tests="1" name="testcases.test" time="13.031" errors="0" timestamp="2023-04-20T15:37:26 IST" skipped="0">
  <testcase classname="testcases.test" name="testtemp" time="13.031"/>
  <system-out/>
</testsuite> <!-- testcases.test -->
