<?xml version="1.0" encoding="UTF-8"?>
<!-- Generated by org.testng.reporters.JUnitReportReporter -->
<testsuite hostname="LAPTOP-SAKML4AK" failures="0" tests="5" name="testcases.E2ETest" time="10.478" errors="0" timestamp="2023-04-30T10:45:01 IST" skipped="0">
  <testcase classname="testcases.E2ETest" name="loginToApplication" time="1.208"/>
  <system-out/>
  <testcase classname="testcases.E2ETest" name="manageCourses" time="0.361"/>
  <system-out/>
  <testcase classname="testcases.E2ETest" name="addNewCourse" time="5.537"/>
  <system-out/>
  <testcase classname="testcases.E2ETest" name="deleteCourse" time="2.056"/>
  <system-out/>
  <testcase classname="testcases.E2ETest" name="signOut" time="1.316"/>
  <system-out/>
</testsuite> <!-- testcases.E2ETest -->
