<?xml version="1.0" encoding="UTF-8"?>
<!-- Generated by org.testng.reporters.JUnitReportReporter -->
<testsuite hostname="LAPTOP-SAKML4AK" failures="0" tests="5" name="testcases.E2ETest" time="11.301" errors="0" timestamp="2023-04-30T11:12:30 IST" skipped="0">
  <testcase classname="testcases.E2ETest" name="loginToApplication" time="1.466"/>
  <system-out/>
  <testcase classname="testcases.E2ETest" name="manageCourses" time="0.416"/>
  <system-out/>
  <testcase classname="testcases.E2ETest" name="addNewCourse" time="5.973"/>
  <system-out/>
  <testcase classname="testcases.E2ETest" name="deleteCourse" time="2.068"/>
  <system-out/>
  <testcase classname="testcases.E2ETest" name="signOut" time="1.378"/>
  <system-out/>
</testsuite> <!-- testcases.E2ETest -->
