<?xml version="1.0" encoding="UTF-8"?>
<!-- Generated by org.testng.reporters.JUnitReportReporter -->
<testsuite hostname="LAPTOP-SAKML4AK" failures="0" tests="1" name="testcases.LoginTest" time="2.695" errors="0" timestamp="2023-04-24T15:23:05 IST" skipped="0">
  <testcase classname="testcases.LoginTest" name="loginToApplication" time="2.695"/>
  <system-out/>
</testsuite> <!-- testcases.LoginTest -->
